# Logfile created on 2014-02-09 21:35:57 +1100 by logger.rb/44203
I, [2014-02-09T21:35:57.286668 #37711]  INFO -- : 0:  backports (3.5.0) from /Users/albertoforni/.rvm/gems/ruby-2.1.0/specifications/backports-3.5.0.gemspec
I, [2014-02-09T21:35:57.287717 #37711]  INFO -- : 0:  coderay (1.1.0) from /Users/albertoforni/.rvm/gems/ruby-2.1.0/specifications/coderay-1.1.0.gemspec
I, [2014-02-09T21:35:57.288249 #37711]  INFO -- : 0:  columnize (0.3.6) from /Users/albertoforni/.rvm/gems/ruby-2.1.0/specifications/columnize-0.3.6.gemspec
I, [2014-02-09T21:35:57.288703 #37711]  INFO -- : 0:  debugger-linecache (1.2.0) from /Users/albertoforni/.rvm/gems/ruby-2.1.0/specifications/debugger-linecache-1.2.0.gemspec
I, [2014-02-09T21:35:57.289340 #37711]  INFO -- : 0:  debugger-ruby_core_source (1.3.1) from /Users/albertoforni/.rvm/gems/ruby-2.1.0/specifications/debugger-ruby_core_source-1.3.1.gemspec
I, [2014-02-09T21:35:57.289833 #37711]  INFO -- : 0:  debugger (1.6.5) from /Users/albertoforni/.rvm/gems/ruby-2.1.0/specifications/debugger-1.6.5.gemspec
I, [2014-02-09T21:35:57.290392 #37711]  INFO -- : 0:  method_source (0.8.2) from /Users/albertoforni/.rvm/gems/ruby-2.1.0/specifications/method_source-0.8.2.gemspec
I, [2014-02-09T21:35:57.290948 #37711]  INFO -- : 0:  multi_json (1.8.4) from /Users/albertoforni/.rvm/gems/ruby-2.1.0/specifications/multi_json-1.8.4.gemspec
I, [2014-02-09T21:35:57.291376 #37711]  INFO -- : 0:  slop (3.4.7) from /Users/albertoforni/.rvm/gems/ruby-2.1.0/specifications/slop-3.4.7.gemspec
I, [2014-02-09T21:35:58.393495 #37711]  INFO -- : 0:  pry (0.9.12.6) from /Users/albertoforni/.rvm/gems/ruby-2.1.0/specifications/pry-0.9.12.6.gemspec
I, [2014-02-09T21:35:58.394045 #37711]  INFO -- : 0:  pry-debugger (0.2.2) from /Users/albertoforni/.rvm/gems/ruby-2.1.0/specifications/pry-debugger-0.2.2.gemspec
I, [2014-02-09T21:35:58.394413 #37711]  INFO -- : 0:  rack (1.5.2) from /Users/albertoforni/.rvm/gems/ruby-2.1.0/specifications/rack-1.5.2.gemspec
I, [2014-02-09T21:35:59.577459 #37711]  INFO -- : 0:  rack-protection (1.5.2) from /Users/albertoforni/.rvm/gems/ruby-2.1.0/specifications/rack-protection-1.5.2.gemspec
I, [2014-02-09T21:35:59.578416 #37711]  INFO -- : 0:  rack-test (0.6.2) from /Users/albertoforni/.rvm/gems/ruby-2.1.0/specifications/rack-test-0.6.2.gemspec
I, [2014-02-09T21:35:59.579099 #37711]  INFO -- : 0:  tilt (1.4.1) from /Users/albertoforni/.rvm/gems/ruby-2.1.0/specifications/tilt-1.4.1.gemspec
I, [2014-02-09T21:35:59.579924 #37711]  INFO -- : 0:  sinatra (1.4.4) from /Users/albertoforni/.rvm/gems/ruby-2.1.0/specifications/sinatra-1.4.4.gemspec
I, [2014-02-09T21:35:59.580412 #37711]  INFO -- : 0:  sinatra-contrib (1.4.2) from /Users/albertoforni/.rvm/gems/ruby-2.1.0/specifications/sinatra-contrib-1.4.2.gemspec
I, [2014-02-09T21:35:59.580892 #37711]  INFO -- : 0:  sinatra-reloader (1.0) from /Users/albertoforni/.rvm/gems/ruby-2.1.0/specifications/sinatra-reloader-1.0.gemspec
I, [2014-02-09T21:35:59.581258 #37711]  INFO -- : 0:  bundler (1.5.1) from /Users/albertoforni/.rvm/gems/ruby-2.1.0@global/specifications/bundler-1.5.1.gemspec
